
ROM used: 579 (7%)
          579 (7%) including unused fragments

          1 Average locations per line
          9 Average locations per statement

RAM used: 9 (2%) at main() level
          15 (4%) worst case

Stack used: 3 worst case (out of 8 total available)

Lines Stmts  %   Files
----- ----- ---  -----
   91    37  56  mestre.c
  295     0   0  C:\PICC\devices\16F876A.H
  121    29  44  C:\PICC\drivers\input.c
   28     0   0  C:\PICC\drivers\ctype.h
----- -----
  535    66 Total

Page ROM  %  RAM   Vol Diff  Functions:
---- --- --- ---   --- ----  ----------
0     34   6   2   174  4.4  gethex1
0     23   4   3   171  4.8  gethex
0     16   3   1             @I2C_WRITEU_1
0     16   3   1             @I2C_READU_1
0     13   2   0    32  1.0  initI2C
0     30   5   4   125  2.2  writeI2C
0     33   6   2   202  3.2  readI2C
0     15   3   2    98  2.7  gethexword
0    153  26   3   572  5.6  MAIN
0     14   2   0             @const96
0     77  13   4             @PSTRINGC7_9600_62_63
0      9   2   0             @const98
0      8   1   0             @const99
0     88  15   5             @PSTRINGCN7_9600_62_63
0     35   6   2             @PRINTF_X_9600_62_63
0     11   2   0             @const105

Program metrics:
    Functions               7
    Statements              66
    Comments                128
    Volume (V)              2099
    Difficilty (D)          22.5
    Effort to implement (E) 47157
    Time to implement (T)   44 minutes
    Est Delivered Bugs (B)  0
    Cyclomatic Complexity   6
    Maintainability (MI)    122

 Segment     Used  Free
-----------  ----  ----
00000-00003     4  0  
00004-007FF   575  1469  
00800-00FFF     0  2048  
01000-017FF     0  2048  
01800-01FFF     0  2048  



